<?xml version="1.0" encoding="UTF-8"?>
<testsuite name="tetris.GameOverTest" tests="1" skipped="0" failures="0" errors="0" timestamp="2022-04-21T10:04:47" hostname="LAPTOP-B23J8BA0" time="4.597">
  <properties/>
  <testcase name="DrawGameOverTest()" classname="tetris.GameOverTest" time="4.597"/>
  <system-out><![CDATA[]]></system-out>
  <system-err><![CDATA[]]></system-err>
</testsuite>
