<?xml version="1.0" encoding="UTF-8"?>
<testsuite name="tetris.PieceTest" tests="2" skipped="0" failures="0" errors="0" timestamp="2022-04-21T10:04:52" hostname="LAPTOP-B23J8BA0" time="0.008">
  <properties/>
  <testcase name="GetIndexTest()" classname="tetris.PieceTest" time="0.002"/>
  <testcase name="equalsCoordinateTest()" classname="tetris.PieceTest" time="0.004"/>
  <system-out><![CDATA[]]></system-out>
  <system-err><![CDATA[]]></system-err>
</testsuite>
