<?xml version="1.0" encoding="UTF-8"?>
<testsuite name="tetris.GameStateTest" tests="3" skipped="0" failures="0" errors="0" timestamp="2022-04-21T10:04:52" hostname="LAPTOP-B23J8BA0" time="0.022">
  <properties/>
  <testcase name="moveRightTest()" classname="tetris.GameStateTest" time="0.013"/>
  <testcase name="moveDownTest()" classname="tetris.GameStateTest" time="0.002"/>
  <testcase name="moveLeftTest()" classname="tetris.GameStateTest" time="0.003"/>
  <system-out><![CDATA[]]></system-out>
  <system-err><![CDATA[]]></system-err>
</testsuite>
