<?xml version="1.0" encoding="UTF-8"?>
<testsuite name="tetris.TimeTest" tests="1" skipped="0" failures="0" errors="0" timestamp="2022-04-21T10:04:52" hostname="LAPTOP-B23J8BA0" time="0.002">
  <properties/>
  <testcase name="GetTimeTest()" classname="tetris.TimeTest" time="0.002"/>
  <system-out><![CDATA[]]></system-out>
  <system-err><![CDATA[]]></system-err>
</testsuite>
